This is pdfTeX, Version 3.1415926-2.3-1.40.12 (MiKTeX 2.9) (preloaded format=pdflatex 2011.12.7)  12 DEC 2011 18:15
entering extended mode
**userGuide.tex
(C:\Users\peak\Desktop\GDP\Report\userGuide.tex
LaTeX2e <2011/06/27>
Babel <v3.8m> and hyphenation patterns for english, afrikaans, ancientgreek, ar
abic, armenian, assamese, basque, bengali, bokmal, bulgarian, catalan, coptic, 
croatian, czech, danish, dutch, esperanto, estonian, farsi, finnish, french, ga
lician, german, german-x-2009-06-19, greek, gujarati, hindi, hungarian, iceland
ic, indonesian, interlingua, irish, italian, kannada, kurmanji, lao, latin, lat
vian, lithuanian, malayalam, marathi, mongolian, mongolianlmc, monogreek, ngerm
an, ngerman-x-2009-06-19, nynorsk, oriya, panjabi, pinyin, polish, portuguese, 
romanian, russian, sanskrit, serbian, slovak, slovenian, spanish, swedish, swis
sgerman, tamil, telugu, turkish, turkmen, ukenglish, ukrainian, uppersorbian, u
senglishmax, welsh, loaded.
("C:\Program Files\MiKTeX 2.9\tex\latex\base\article.cls"
Document Class: article 2007/10/19 v1.4h Standard LaTeX document class
("C:\Program Files\MiKTeX 2.9\tex\latex\base\size11.clo"
File: size11.clo 2007/10/19 v1.4h Standard LaTeX file (size option)
)
\c@part=\count79
\c@section=\count80
\c@subsection=\count81
\c@subsubsection=\count82
\c@paragraph=\count83
\c@subparagraph=\count84
\c@figure=\count85
\c@table=\count86
\abovecaptionskip=\skip41
\belowcaptionskip=\skip42
\bibindent=\dimen102
)
("C:\Program Files\MiKTeX 2.9\tex\latex\graphics\graphicx.sty"
Package: graphicx 1999/02/16 v1.0f Enhanced LaTeX Graphics (DPC,SPQR)

("C:\Program Files\MiKTeX 2.9\tex\latex\graphics\keyval.sty"
Package: keyval 1999/03/16 v1.13 key=value parser (DPC)
\KV@toks@=\toks14
)
("C:\Program Files\MiKTeX 2.9\tex\latex\graphics\graphics.sty"
Package: graphics 2009/02/05 v1.0o Standard LaTeX Graphics (DPC,SPQR)

("C:\Program Files\MiKTeX 2.9\tex\latex\graphics\trig.sty"
Package: trig 1999/03/16 v1.09 sin cos tan (DPC)
)
("C:\Program Files\MiKTeX 2.9\tex\latex\00miktex\graphics.cfg"
File: graphics.cfg 2007/01/18 v1.5 graphics configuration of teTeX/TeXLive
)
Package graphics Info: Driver file: pdftex.def on input line 91.

("C:\Program Files\MiKTeX 2.9\tex\latex\pdftex-def\pdftex.def"
File: pdftex.def 2011/05/27 v0.06d Graphics/color for pdfTeX

("C:\Program Files\MiKTeX 2.9\tex\generic\oberdiek\infwarerr.sty"
Package: infwarerr 2010/04/08 v1.3 Providing info/warning/message (HO)
)
("C:\Program Files\MiKTeX 2.9\tex\generic\oberdiek\ltxcmds.sty"
Package: ltxcmds 2011/04/18 v1.20 LaTeX kernel commands for general use (HO)
)
\Gread@gobject=\count87
))
\Gin@req@height=\dimen103
\Gin@req@width=\dimen104
)
(C:\Users\peak\Desktop\GDP\Report\userGuide.aux)
LaTeX Font Info:    Checking defaults for OML/cmm/m/it on input line 7.
LaTeX Font Info:    ... okay on input line 7.
LaTeX Font Info:    Checking defaults for T1/cmr/m/n on input line 7.
LaTeX Font Info:    ... okay on input line 7.
LaTeX Font Info:    Checking defaults for OT1/cmr/m/n on input line 7.
LaTeX Font Info:    ... okay on input line 7.
LaTeX Font Info:    Checking defaults for OMS/cmsy/m/n on input line 7.
LaTeX Font Info:    ... okay on input line 7.
LaTeX Font Info:    Checking defaults for OMX/cmex/m/n on input line 7.
LaTeX Font Info:    ... okay on input line 7.
LaTeX Font Info:    Checking defaults for U/cmr/m/n on input line 7.
LaTeX Font Info:    ... okay on input line 7.

("C:\Program Files\MiKTeX 2.9\tex\context\base\supp-pdf.mkii"
[Loading MPS to PDF converter (version 2006.09.02).]
\scratchcounter=\count88
\scratchdimen=\dimen105
\scratchbox=\box26
\nofMPsegments=\count89
\nofMParguments=\count90
\everyMPshowfont=\toks15
\MPscratchCnt=\count91
\MPscratchDim=\dimen106
\MPnumerator=\count92
\makeMPintoPDFobject=\count93
\everyMPtoPDFconversion=\toks16
)
LaTeX Font Info:    External font `cmex10' loaded for size
(Font)              <12> on input line 9.
LaTeX Font Info:    External font `cmex10' loaded for size
(Font)              <8> on input line 9.
LaTeX Font Info:    External font `cmex10' loaded for size
(Font)              <6> on input line 9.
 <clipArt.png, id=1, 695.59875pt x 587.19376pt>
File: clipArt.png Graphic file (type png)
 <use clipArt.png>
Package pdftex.def Info: clipArt.png used on input line 27.
(pdftex.def)             Requested size: 278.23457pt x 234.87334pt.
LaTeX Font Info:    External font `cmex10' loaded for size
(Font)              <10.95> on input line 39.

<GCS.PNG, id=2, 712.91344pt x 415.5525pt>
File: GCS.PNG Graphic file (type png)
 <use GCS.PNG>
Package pdftex.def Info: GCS.PNG used on input line 43.
(pdftex.def)             Requested size: 356.45584pt x 207.77574pt.

<windowApplication.PNG, id=4, 660.21657pt x 321.45094pt>
File: windowApplication.PNG Graphic file (type png)

<use windowApplication.PNG>
Package pdftex.def Info: windowApplication.PNG used on input line 54.
(pdftex.def)             Requested size: 396.133pt x 192.87204pt.

Overfull \hbox (36.133pt too wide) in paragraph at lines 54--55
 [] 
 []

<FileButton.png, id=5, 106.14656pt x 84.315pt>
File: FileButton.png Graphic file (type png)
 <use FileButton.png>
Package pdftex.def Info: FileButton.png used on input line 63.
(pdftex.def)             Requested size: 106.1463pt x 84.31477pt.
 [1

{C:/ProgramData/MiKTeX/2.9/pdftex/config/pdftex.map}] [2 <C:/Users/peak/Desktop
/GDP/Report/clipArt.png> <C:/Users/peak/Desktop/GDP/Report/GCS.PNG>] [3 <C:/Use
rs/peak/Desktop/GDP/Report/windowApplication.PNG> <C:/Users/peak/Desktop/GDP/Re
port/FileButton.png>] <comboBoxResolution.png, id=23, 155.07938pt x 72.27pt>
File: comboBoxResolution.png Graphic file (type png)

<use comboBoxResolution.png>
Package pdftex.def Info: comboBoxResolution.png used on input line 72.
(pdftex.def)             Requested size: 155.07898pt x 72.2698pt.
 <button.PNG, id=24, 194.22563pt x 56.46094pt>
File: button.PNG Graphic file (type png)

<use button.PNG>
Package pdftex.def Info: button.PNG used on input line 81.
(pdftex.def)             Requested size: 194.22514pt x 56.46078pt.
 <filePath.PNG, id=25, 246.1697pt x 48.93282pt>
File: filePath.PNG Graphic file (type png)

<use filePath.PNG>
Package pdftex.def Info: filePath.PNG used on input line 88.
(pdftex.def)             Requested size: 246.16908pt x 48.93268pt.
 <leftRight.PNG, id=26, 383.93437pt x 262.73157pt>
File: leftRight.PNG Graphic file (type png)

<use leftRight.PNG>
Package pdftex.def Info: leftRight.PNG used on input line 97.
(pdftex.def)             Requested size: 383.93343pt x 262.73091pt.

Overfull \hbox (23.93343pt too wide) in paragraph at lines 97--98
 [] 
 []

<progress_bar.PNG, id=27, 162.6075pt x 28.60687pt>
File: progress_bar.PNG Graphic file (type png)
 <use progress_bar.PNG>
Package pdftex.def Info: progress_bar.PNG used on input line 106.
(pdftex.def)             Requested size: 162.6071pt x 28.6068pt.

[4 <C:/Users/peak/Desktop/GDP/Report/comboBoxResolution.png> <C:/Users/peak/Des
ktop/GDP/Report/button.PNG> <C:/Users/peak/Desktop/GDP/Report/filePath.PNG>]
[5 <C:/Users/peak/Desktop/GDP/Report/leftRight.PNG> <C:/Users/peak/Desktop/GDP/
Report/progress_bar.PNG>] [6] (C:\Users\peak\Desktop\GDP\Report\userGuide.aux) 
) 
Here is how much of TeX's memory you used:
 1180 strings out of 494045
 15601 string characters out of 3148390
 67796 words of memory out of 3000000
 4505 multiletter control sequences out of 15000+200000
 8503 words of font info for 30 fonts, out of 3000000 for 9000
 715 hyphenation exceptions out of 8191
 27i,6n,19p,642b,251s stack positions out of 5000i,500n,10000p,200000b,50000s
<C:/Program Files/MiKTeX 2.9/fonts/type1/public/amsfonts/cm/cmbx12.pfb><C:/Pro
gram Files/MiKTeX 2.9/fonts/type1/public/amsfonts/cm/cmr10.pfb><C:/Program File
s/MiKTeX 2.9/fonts/type1/public/amsfonts/cm/cmr12.pfb><C:/Program Files/MiKTeX 
2.9/fonts/type1/public/amsfonts/cm/cmr17.pfb><C:/Program Files/MiKTeX 2.9/fonts
/type1/public/amsfonts/cm/cmsy10.pfb>
Output written on userGuide.pdf (6 pages, 1000067 bytes).
PDF statistics:
 57 PDF objects out of 1000 (max. 8388607)
 0 named destinations out of 1000 (max. 500000)
 46 words of extra memory for PDF output out of 10000 (max. 10000000)

